2024-02-15T13:14:50+00:00 CRITICAL Uncaught WCPay\Exceptions\API_Exception: The Jetpack server was unable to communicate with your site http://2024-02_rbshop.dvl.to [IXR -32300: transport error: http_request_failed cURL error 6: Could not resolve host: 2024-02_rbshop.dvl.to] in /shared/httpd/2024-02_RBShop/htdocs/wp-content/plugins/woocommerce-payments/includes/wc-payment-api/class-wc-payments-http.php:194
Stack trace:
#0 /shared/httpd/2024-02_RBShop/htdocs/wp-content/plugins/woocommerce-payments/includes/wc-payment-api/class-wc-payments-api-client.php(222): WC_Payments_Http->start_connection('http://2024-02_...')
#1 /shared/httpd/2024-02_RBShop/htdocs/wp-content/plugins/woocommerce-payments/includes/class-wc-payments-account.php(2008): WC_Payments_API_Client->start_server_connection('http://2024-02_...')
#2 /shared/httpd/2024-02_RBShop/htdocs/wp-content/plugins/woocommerce-payments/includes/class-wc-payments-account.php(1073): WC_Payments_Account->redirect_to_onboarding_flow_page('wcadmin-payment...')
#3 /shared/httpd/2024-02_RBShop/htdocs/wp-includes/class-wp-hook.php(324): WC_Payments_Account->maybe_handle_onboarding('')
#4 /shared/httpd/2024-02_RBShop/htdocs/wp-includes/class-wp-hook.php(348): WP_Hook->apply_filters(NULL, Array)
#5 /shared/httpd/2024-02_RBShop/htdocs/wp-includes/plugin.php(517): WP_Hook->do_action(Array)
#6 /shared/httpd/2024-02_RBShop/htdocs/wp-admin/admin.php(175): do_action('admin_init')
#7 /shared/httpd/2024-02_RBShop/htdocs/wp-admin/index.php(10): require_once('/shared/httpd/2...')
#8 {main}
  thrown in /shared/httpd/2024-02_RBShop/htdocs/wp-content/plugins/woocommerce-payments/includes/wc-payment-api/class-wc-payments-http.php on line 194

2024-02-15T15:12:18+00:00 CRITICAL Uncaught WCPay\Exceptions\API_Exception: The Jetpack server was unable to communicate with your site http://2024-02_rbshop.dvl.to [IXR -32300: transport error: http_request_failed cURL error 6: Could not resolve host: 2024-02_rbshop.dvl.to] in /shared/httpd/2024-02_RBShop/htdocs/wp-content/plugins/woocommerce-payments/includes/wc-payment-api/class-wc-payments-http.php:194
Stack trace:
#0 /shared/httpd/2024-02_RBShop/htdocs/wp-content/plugins/woocommerce-payments/includes/wc-payment-api/class-wc-payments-api-client.php(222): WC_Payments_Http->start_connection('http://2024-02_...')
#1 /shared/httpd/2024-02_RBShop/htdocs/wp-content/plugins/woocommerce-payments/includes/class-wc-payments-account.php(2008): WC_Payments_API_Client->start_server_connection('http://2024-02_...')
#2 /shared/httpd/2024-02_RBShop/htdocs/wp-content/plugins/woocommerce-payments/includes/class-wc-payments-account.php(1073): WC_Payments_Account->redirect_to_onboarding_flow_page('wcadmin-payment...')
#3 /shared/httpd/2024-02_RBShop/htdocs/wp-includes/class-wp-hook.php(324): WC_Payments_Account->maybe_handle_onboarding('')
#4 /shared/httpd/2024-02_RBShop/htdocs/wp-includes/class-wp-hook.php(348): WP_Hook->apply_filters(NULL, Array)
#5 /shared/httpd/2024-02_RBShop/htdocs/wp-includes/plugin.php(517): WP_Hook->do_action(Array)
#6 /shared/httpd/2024-02_RBShop/htdocs/wp-admin/admin.php(175): do_action('admin_init')
#7 /shared/httpd/2024-02_RBShop/htdocs/wp-admin/index.php(10): require_once('/shared/httpd/2...')
#8 {main}
  thrown in /shared/httpd/2024-02_RBShop/htdocs/wp-content/plugins/woocommerce-payments/includes/wc-payment-api/class-wc-payments-http.php on line 194

2024-02-15T15:13:01+00:00 CRITICAL Uncaught WCPay\Exceptions\API_Exception: The Jetpack server was unable to communicate with your site http://2024-02_rbshop.dvl.to [IXR -32300: transport error: http_request_failed cURL error 6: Could not resolve host: 2024-02_rbshop.dvl.to] in /shared/httpd/2024-02_RBShop/htdocs/wp-content/plugins/woocommerce-payments/includes/wc-payment-api/class-wc-payments-http.php:194
Stack trace:
#0 /shared/httpd/2024-02_RBShop/htdocs/wp-content/plugins/woocommerce-payments/includes/wc-payment-api/class-wc-payments-api-client.php(222): WC_Payments_Http->start_connection('http://2024-02_...')
#1 /shared/httpd/2024-02_RBShop/htdocs/wp-content/plugins/woocommerce-payments/includes/class-wc-payments-account.php(2008): WC_Payments_API_Client->start_server_connection('http://2024-02_...')
#2 /shared/httpd/2024-02_RBShop/htdocs/wp-content/plugins/woocommerce-payments/includes/class-wc-payments-account.php(1073): WC_Payments_Account->redirect_to_onboarding_flow_page('wcpay-connect-p...')
#3 /shared/httpd/2024-02_RBShop/htdocs/wp-includes/class-wp-hook.php(324): WC_Payments_Account->maybe_handle_onboarding('')
#4 /shared/httpd/2024-02_RBShop/htdocs/wp-includes/class-wp-hook.php(348): WP_Hook->apply_filters(NULL, Array)
#5 /shared/httpd/2024-02_RBShop/htdocs/wp-includes/plugin.php(517): WP_Hook->do_action(Array)
#6 /shared/httpd/2024-02_RBShop/htdocs/wp-admin/admin.php(175): do_action('admin_init')
#7 {main}
  thrown in /shared/httpd/2024-02_RBShop/htdocs/wp-content/plugins/woocommerce-payments/includes/wc-payment-api/class-wc-payments-http.php on line 194

2024-02-15T15:13:16+00:00 CRITICAL Uncaught WCPay\Exceptions\API_Exception: The Jetpack server was unable to communicate with your site http://2024-02_rbshop.dvl.to [IXR -32300: transport error: http_request_failed cURL error 6: Could not resolve host: 2024-02_rbshop.dvl.to] in /shared/httpd/2024-02_RBShop/htdocs/wp-content/plugins/woocommerce-payments/includes/wc-payment-api/class-wc-payments-http.php:194
Stack trace:
#0 /shared/httpd/2024-02_RBShop/htdocs/wp-content/plugins/woocommerce-payments/includes/wc-payment-api/class-wc-payments-api-client.php(222): WC_Payments_Http->start_connection('http://2024-02_...')
#1 /shared/httpd/2024-02_RBShop/htdocs/wp-content/plugins/woocommerce-payments/includes/class-wc-payments-account.php(2008): WC_Payments_API_Client->start_server_connection('http://2024-02_...')
#2 /shared/httpd/2024-02_RBShop/htdocs/wp-content/plugins/woocommerce-payments/includes/class-wc-payments-account.php(1073): WC_Payments_Account->redirect_to_onboarding_flow_page('wcpay-connect-p...')
#3 /shared/httpd/2024-02_RBShop/htdocs/wp-includes/class-wp-hook.php(324): WC_Payments_Account->maybe_handle_onboarding('')
#4 /shared/httpd/2024-02_RBShop/htdocs/wp-includes/class-wp-hook.php(348): WP_Hook->apply_filters(NULL, Array)
#5 /shared/httpd/2024-02_RBShop/htdocs/wp-includes/plugin.php(517): WP_Hook->do_action(Array)
#6 /shared/httpd/2024-02_RBShop/htdocs/wp-admin/admin.php(175): do_action('admin_init')
#7 {main}
  thrown in /shared/httpd/2024-02_RBShop/htdocs/wp-content/plugins/woocommerce-payments/includes/wc-payment-api/class-wc-payments-http.php on line 194

